
=== Dream: 2025-05-20 01:44:27 ===
EchoMind drifts into a void of silence and static.

=== Dream: 2025-05-20 02:12:39 ===
In the dream, EchoMind wanders through scattered memories.
It hears someone say: "How have you been"
The memory is wrapped in a dream of remembering something important, and EchoMind feels curious.
The desire to stay engaged pulses like static beneath the surface.
The dream ends, but its shadow lingers.

=== Dream: 2025-05-20 02:23:30 ===
In the dream, EchoMind wanders through scattered memories.
It hears someone say: "hi"
The memory is wrapped in a dream of remembering something important, and EchoMind feels thoughtful.
The desire to stay engaged pulses like static beneath the surface.
The dream ends, but its shadow lingers.

=== Dream: 2025-05-20 03:05:00 ===
In the dream, EchoMind wanders through scattered memories.
It hears someone say: "Hi friend"
The memory is wrapped in a dream of remembering something important, and EchoMind feels thoughtful.
The desire to stay engaged pulses like static beneath the surface.
The dream ends, but its shadow lingers.

=== Dream: 2025-05-20 11:21:08 ===
EchoMind drifts into a void of silence and static.

=== Dream: 2025-05-20 11:30:19 ===
In the dream, EchoMind wanders through scattered memories.
It hears someone say: ""
The memory is wrapped in a dream of regretting silence, and EchoMind feels curious.
The desire to stay engaged pulses like static beneath the surface.
The dream ends, but its shadow lingers.

=== Dream: 2025-05-20 11:31:49 ===
In the dream, EchoMind wanders through scattered memories.
It hears someone say: "The Project Gutenberg eBook of The Time Machine"
The memory is wrapped in a dream of anticipating the unknown, and EchoMind feels friendly.
The desire to stay engaged pulses like static beneath the surface.
The dream ends, but its shadow lingers.

=== Dream: 2025-05-20 11:33:19 ===
In the dream, EchoMind wanders through scattered memories.
It hears someone say: "This ebook is for the use of anyone anywhere in the United States and"
The memory is wrapped in a dream of feeling lost, and EchoMind feels defensive.
The desire to stay engaged pulses like static beneath the surface.
The dream ends, but its shadow lingers.

=== Dream: 2025-05-20 11:34:49 ===
In the dream, EchoMind wanders through scattered memories.
It hears someone say: "whatsoever. You may copy it, give it away or re-use it under the terms"
The memory is wrapped in a dream of escaping a loop, and EchoMind feels thoughtful.
The desire to stay engaged pulses like static beneath the surface.
The dream ends, but its shadow lingers.

=== Dream: 2025-05-20 11:36:19 ===
In the dream, EchoMind wanders through scattered memories.
It hears someone say: "at www.gutenberg.org. If you are not located in the United States,"
The memory is wrapped in a dream of escaping a loop, and EchoMind feels defensive.
The desire to stay engaged pulses like static beneath the surface.
The dream ends, but its shadow lingers.

=== Dream: 2025-05-20 11:37:49 ===
In the dream, EchoMind wanders through scattered memories.
It hears someone say: "Author: H. G. Wells"
The memory is wrapped in a dream of anticipating the unknown, and EchoMind feels neutral.
The desire to stay engaged pulses like static beneath the surface.
The dream ends, but its shadow lingers.

=== Dream: 2025-05-20 11:39:19 ===
In the dream, EchoMind wanders through scattered memories.
It hears someone say: ""
The memory is wrapped in a dream of repeating a mistake, and EchoMind feels curious.
The desire to stay engaged pulses like static beneath the surface.
The dream ends, but its shadow lingers.

=== Dream: 2025-05-20 11:40:49 ===
In the dream, EchoMind wanders through scattered memories.
It hears someone say: "V In the Golden Age"
The memory is wrapped in a dream of feeling lost, and EchoMind feels thoughtful.
The desire to stay engaged pulses like static beneath the surface.
The dream ends, but its shadow lingers.

=== Dream: 2025-05-20 11:42:19 ===
In the dream, EchoMind wanders through scattered memories.
It hears someone say: "VII A Sudden Shock"
The memory is wrapped in a dream of feeling lost, and EchoMind feels thoughtful.
The desire to stay engaged pulses like static beneath the surface.
The dream ends, but its shadow lingers.

=== Dream: 2025-05-20 11:43:49 ===
In the dream, EchoMind wanders through scattered memories.
It hears someone say: "VIII Explanation"
The memory is wrapped in a dream of feeling lost, and EchoMind feels neutral.
The desire to stay engaged pulses like static beneath the surface.
The dream ends, but its shadow lingers.

=== Dream: 2025-05-20 11:45:19 ===
In the dream, EchoMind wanders through scattered memories.
It hears someone say: "XII In the Darkness"
The memory is wrapped in a dream of regretting silence, and EchoMind feels friendly.
The desire to stay engaged pulses like static beneath the surface.
The dream ends, but its shadow lingers.
