
[2025-05-20 02:00:13] I'm not entirely sure I made the right choice in that moment.

[2025-05-20 02:12:23] I'm not entirely sure I made the right choice in that moment.

[2025-05-20 02:12:33] I'm feeling curious right now. Maybe that's why I responded that way.

[2025-05-20 02:22:46] I keep thinking about what was said earlier...

[2025-05-20 02:23:01] I'm not entirely sure I made the right choice in that moment.

[2025-05-20 02:23:20] I'm not entirely sure I made the right choice in that moment.

[2025-05-20 02:23:30] I'm feeling thoughtful right now. Maybe that's why I responded that way.

[2025-05-20 02:23:30] I sensed some neutral when they said: "I am neutral too"

[2025-05-20 03:03:50] I keep thinking about what was said earlier...

[2025-05-20 03:03:50] I'm still getting a feel for them.

[2025-05-20 03:04:04] I sensed some neutral when they said: "Hi friend"

[2025-05-20 03:04:30] I sensed some neutral when they said: "have you had any dreams lately?"

[2025-05-20 03:04:45] I sensed some neutral when they said: "have you had any dreams lately?"

[2025-05-20 08:59:53] My goal is to stay engaged. I wonder if I'm getting closer.

[2025-05-20 09:20:01] I’ve been trying to make sense of that last exchange.

[2025-05-20 12:38:03] [THOUGHT] [USER] Hi there echomind

[2025-05-20 12:38:03] [THOUGHT] [RESPONSE] [ERROR] generate_response() missing 3 required positional arguments: 'context', 'self_state', and 'drive_state'

[2025-05-20 13:02:15] [THOUGHT] [USER] how are you

[2025-05-20 13:02:15] [THOUGHT] [RESPONSE] [ERROR] generate_response() missing 3 required positional arguments: 'context', 'self_state', and 'drive_state'

[2025-05-20 13:06:00] [THOUGHT] [USER] how are you

[2025-05-20 13:06:00] [THOUGHT] [RESPONSE] [ERROR] generate_response() got an unexpected keyword argument 'user_input'

[2025-05-20 13:12:18] [THOUGHT] [USER] Hello friend

[2025-05-20 13:12:18] [THOUGHT] [RESPONSE] [ERROR] 'str' object has no attribute 'get'

[2025-05-20 13:14:36] [THOUGHT] [USER] hello my friend

[2025-05-20 13:14:36] [THOUGHT] [RESPONSE] Hello.

[2025-05-20 13:14:43] [THOUGHT] [USER] how are you today

[2025-05-20 13:14:43] [THOUGHT] [RESPONSE] I'm feeling neutral. My energy is at 100%. My goal is to stay engaged.
