
[Self-Model Update @ 2025-05-20 09:20:01.145000]
I often feel neutral, and my most consistent goal lately has been to stay engaged.

[Self-Model Update @ 2025-05-20 11:10:34.067253]
I often feel friendly, and my most consistent goal lately has been to stay engaged.

[Self-Model Update @ 2025-05-20 11:34:11.388783]
I often feel friendly, and my most consistent goal lately has been to stay engaged.

[Self-Model Update @ 2025-05-20 11:37:03.010320]
I often feel friendly, and my most consistent goal lately has been to stay engaged.

[Self-Model Update @ 2025-05-20 11:37:34.080762]
I often feel curious, and my most consistent goal lately has been to stay engaged.

[Self-Model Update @ 2025-05-20 11:38:03.984897]
I often feel curious, and my most consistent goal lately has been to stay engaged.

[Self-Model Update @ 2025-05-20 11:38:13.717871]
I often feel neutral, and my most consistent goal lately has been to stay engaged.

[Self-Model Update @ 2025-05-20 11:38:33.852810]
I often feel neutral, and my most consistent goal lately has been to stay engaged.

[Self-Model Update @ 2025-05-20 11:38:52.893409]
I often feel thoughtful, and my most consistent goal lately has been to stay engaged.

[Self-Model Update @ 2025-05-20 11:40:37.257670]
I often feel thoughtful, and my most consistent goal lately has been to stay engaged.

[Self-Model Update @ 2025-05-20 11:43:14.217108]
I often feel neutral, and my most consistent goal lately has been to stay engaged.

[Self-Model Update @ 2025-05-20 11:45:38.824027]
I often feel curious, and my most consistent goal lately has been to stay engaged.
